{"/Users/saravana/Training2/product-crud-app/src/components/Pagination.tsx": {"path":"/Users/saravana/Training2/product-crud-app/src/components/Pagination.tsx","statementMap":{"0":{"start":{"line":9,"column":16},"end":{"line":9,"column":null}},"1":{"start":{"line":10,"column":14},"end":{"line":10,"column":null}},"2":{"start":{"line":10,"column":58},"end":{"line":10,"column":63}},"3":{"start":{"line":11,"column":2},"end":{"line":22,"column":null}},"4":{"start":{"line":14,"column":8},"end":{"line":20,"column":null}},"5":{"start":{"line":17,"column":25},"end":{"line":17,"column":null}}},"fnMap":{"0":{"name":"Pagination","decl":{"start":{"line":8,"column":24},"end":{"line":8,"column":35}},"loc":{"start":{"line":8,"column":81},"end":{"line":24,"column":null}},"line":8},"1":{"name":"(anonymous_1)","decl":{"start":{"line":10,"column":48},"end":{"line":10,"column":49}},"loc":{"start":{"line":10,"column":58},"end":{"line":10,"column":63}},"line":10},"2":{"name":"(anonymous_2)","decl":{"start":{"line":13,"column":15},"end":{"line":13,"column":16}},"loc":{"start":{"line":14,"column":8},"end":{"line":20,"column":null}},"line":14},"3":{"name":"(anonymous_3)","decl":{"start":{"line":17,"column":19},"end":{"line":17,"column":25}},"loc":{"start":{"line":17,"column":25},"end":{"line":17,"column":null}},"line":17}},"branchMap":{"0":{"loc":{"start":{"line":16,"column":21},"end":{"line":16,"column":null}},"type":"cond-expr","locations":[{"start":{"line":16,"column":37},"end":{"line":16,"column":48}},{"start":{"line":16,"column":48},"end":{"line":16,"column":null}}],"line":16}},"s":{"0":2,"1":2,"2":8,"3":2,"4":8,"5":1},"f":{"0":2,"1":8,"2":8,"3":1},"b":{"0":[2,6]},"meta":{"lastBranch":1,"lastFunction":4,"lastStatement":6,"seen":{"f:8:24:8:35":0,"s:9:16:9:Infinity":0,"s:10:14:10:Infinity":1,"f:10:48:10:49":1,"s:10:58:10:63":2,"s:11:2:22:Infinity":3,"f:13:15:13:16":2,"s:14:8:20:Infinity":4,"b:16:37:16:48:16:48:16:Infinity":0,"f:17:19:17:25":3,"s:17:25:17:Infinity":5}}}
,"/Users/saravana/Training2/product-crud-app/src/components/ProductCard.tsx": {"path":"/Users/saravana/Training2/product-crud-app/src/components/ProductCard.tsx","statementMap":{"0":{"start":{"line":10,"column":2},"end":{"line":22,"column":null}},"1":{"start":{"line":18,"column":33},"end":{"line":18,"column":50}},"2":{"start":{"line":19,"column":33},"end":{"line":19,"column":55}}},"fnMap":{"0":{"name":"ProductCard","decl":{"start":{"line":9,"column":24},"end":{"line":9,"column":36}},"loc":{"start":{"line":9,"column":74},"end":{"line":24,"column":null}},"line":9},"1":{"name":"(anonymous_1)","decl":{"start":{"line":18,"column":27},"end":{"line":18,"column":33}},"loc":{"start":{"line":18,"column":33},"end":{"line":18,"column":50}},"line":18},"2":{"name":"(anonymous_2)","decl":{"start":{"line":19,"column":27},"end":{"line":19,"column":33}},"loc":{"start":{"line":19,"column":33},"end":{"line":19,"column":55}},"line":19}},"branchMap":{},"s":{"0":1,"1":1,"2":1},"f":{"0":1,"1":1,"2":1},"b":{},"meta":{"lastBranch":0,"lastFunction":3,"lastStatement":3,"seen":{"f:9:24:9:36":0,"s:10:2:22:Infinity":0,"f:18:27:18:33":1,"s:18:33:18:50":1,"f:19:27:19:33":2,"s:19:33:19:55":2}}}
,"/Users/saravana/Training2/product-crud-app/src/components/ProductForm.tsx": {"path":"/Users/saravana/Training2/product-crud-app/src/components/ProductForm.tsx","statementMap":{"0":{"start":{"line":11,"column":24},"end":{"line":11,"column":null}},"1":{"start":{"line":12,"column":24},"end":{"line":12,"column":null}},"2":{"start":{"line":13,"column":36},"end":{"line":13,"column":null}},"3":{"start":{"line":14,"column":24},"end":{"line":14,"column":null}},"4":{"start":{"line":16,"column":2},"end":{"line":21,"column":null}},"5":{"start":{"line":17,"column":4},"end":{"line":17,"column":null}},"6":{"start":{"line":18,"column":4},"end":{"line":18,"column":null}},"7":{"start":{"line":19,"column":4},"end":{"line":19,"column":null}},"8":{"start":{"line":20,"column":4},"end":{"line":20,"column":null}},"9":{"start":{"line":24,"column":4},"end":{"line":24,"column":null}},"10":{"start":{"line":25,"column":4},"end":{"line":25,"column":null}},"11":{"start":{"line":25,"column":16},"end":{"line":25,"column":null}},"12":{"start":{"line":26,"column":4},"end":{"line":26,"column":null}},"13":{"start":{"line":29,"column":2},"end":{"line":51,"column":null}},"14":{"start":{"line":33,"column":46},"end":{"line":33,"column":72}},"15":{"start":{"line":37,"column":60},"end":{"line":37,"column":94}},"16":{"start":{"line":41,"column":55},"end":{"line":41,"column":87}},"17":{"start":{"line":45,"column":46},"end":{"line":45,"column":72}}},"fnMap":{"0":{"name":"ProductForm","decl":{"start":{"line":10,"column":24},"end":{"line":10,"column":36}},"loc":{"start":{"line":10,"column":76},"end":{"line":53,"column":null}},"line":10},"1":{"name":"(anonymous_1)","decl":{"start":{"line":16,"column":12},"end":{"line":16,"column":18}},"loc":{"start":{"line":16,"column":18},"end":{"line":21,"column":5}},"line":16},"2":{"name":"submit","decl":{"start":{"line":23,"column":11},"end":{"line":23,"column":18}},"loc":{"start":{"line":23,"column":38},"end":{"line":27,"column":null}},"line":23},"3":{"name":"(anonymous_3)","decl":{"start":{"line":33,"column":39},"end":{"line":33,"column":40}},"loc":{"start":{"line":33,"column":46},"end":{"line":33,"column":72}},"line":33},"4":{"name":"(anonymous_4)","decl":{"start":{"line":37,"column":53},"end":{"line":37,"column":54}},"loc":{"start":{"line":37,"column":60},"end":{"line":37,"column":94}},"line":37},"5":{"name":"(anonymous_5)","decl":{"start":{"line":41,"column":48},"end":{"line":41,"column":49}},"loc":{"start":{"line":41,"column":55},"end":{"line":41,"column":87}},"line":41},"6":{"name":"(anonymous_6)","decl":{"start":{"line":45,"column":39},"end":{"line":45,"column":40}},"loc":{"start":{"line":45,"column":46},"end":{"line":45,"column":72}},"line":45}},"branchMap":{"0":{"loc":{"start":{"line":11,"column":37},"end":{"line":11,"column":57}},"type":"binary-expr","locations":[{"start":{"line":11,"column":37},"end":{"line":11,"column":55}},{"start":{"line":11,"column":55},"end":{"line":11,"column":57}}],"line":11},"1":{"loc":{"start":{"line":12,"column":37},"end":{"line":12,"column":56}},"type":"binary-expr","locations":[{"start":{"line":12,"column":37},"end":{"line":12,"column":55}},{"start":{"line":12,"column":55},"end":{"line":12,"column":56}}],"line":12},"2":{"loc":{"start":{"line":13,"column":49},"end":{"line":13,"column":75}},"type":"binary-expr","locations":[{"start":{"line":13,"column":49},"end":{"line":13,"column":73}},{"start":{"line":13,"column":73},"end":{"line":13,"column":75}}],"line":13},"3":{"loc":{"start":{"line":14,"column":37},"end":{"line":14,"column":57}},"type":"binary-expr","locations":[{"start":{"line":14,"column":37},"end":{"line":14,"column":55}},{"start":{"line":14,"column":55},"end":{"line":14,"column":57}}],"line":14},"4":{"loc":{"start":{"line":17,"column":13},"end":{"line":17,"column":33}},"type":"binary-expr","locations":[{"start":{"line":17,"column":13},"end":{"line":17,"column":31}},{"start":{"line":17,"column":31},"end":{"line":17,"column":33}}],"line":17},"5":{"loc":{"start":{"line":18,"column":13},"end":{"line":18,"column":32}},"type":"binary-expr","locations":[{"start":{"line":18,"column":13},"end":{"line":18,"column":31}},{"start":{"line":18,"column":31},"end":{"line":18,"column":32}}],"line":18},"6":{"loc":{"start":{"line":19,"column":19},"end":{"line":19,"column":45}},"type":"binary-expr","locations":[{"start":{"line":19,"column":19},"end":{"line":19,"column":43}},{"start":{"line":19,"column":43},"end":{"line":19,"column":45}}],"line":19},"7":{"loc":{"start":{"line":20,"column":13},"end":{"line":20,"column":33}},"type":"binary-expr","locations":[{"start":{"line":20,"column":13},"end":{"line":20,"column":31}},{"start":{"line":20,"column":31},"end":{"line":20,"column":33}}],"line":20},"8":{"loc":{"start":{"line":25,"column":4},"end":{"line":25,"column":null}},"type":"if","locations":[{"start":{"line":25,"column":4},"end":{"line":25,"column":null}},{"start":{},"end":{}}],"line":25}},"s":{"0":7,"1":7,"2":7,"3":7,"4":7,"5":2,"6":2,"7":2,"8":2,"9":2,"10":2,"11":1,"12":1,"13":7,"14":4,"15":0,"16":0,"17":0},"f":{"0":7,"1":2,"2":2,"3":4,"4":0,"5":0,"6":0},"b":{"0":[7,1],"1":[7,1],"2":[7,1],"3":[7,1],"4":[2,1],"5":[2,1],"6":[2,1],"7":[2,1],"8":[1,1]},"meta":{"lastBranch":9,"lastFunction":7,"lastStatement":18,"seen":{"f:10:24:10:36":0,"s:11:24:11:Infinity":0,"b:11:37:11:55:11:55:11:57":0,"s:12:24:12:Infinity":1,"b:12:37:12:55:12:55:12:56":1,"s:13:36:13:Infinity":2,"b:13:49:13:73:13:73:13:75":2,"s:14:24:14:Infinity":3,"b:14:37:14:55:14:55:14:57":3,"s:16:2:21:Infinity":4,"f:16:12:16:18":1,"s:17:4:17:Infinity":5,"b:17:13:17:31:17:31:17:33":4,"s:18:4:18:Infinity":6,"b:18:13:18:31:18:31:18:32":5,"s:19:4:19:Infinity":7,"b:19:19:19:43:19:43:19:45":6,"s:20:4:20:Infinity":8,"b:20:13:20:31:20:31:20:33":7,"f:23:11:23:18":2,"s:24:4:24:Infinity":9,"b:25:4:25:Infinity:undefined:undefined:undefined:undefined":8,"s:25:4:25:Infinity":10,"s:25:16:25:Infinity":11,"s:26:4:26:Infinity":12,"s:29:2:51:Infinity":13,"f:33:39:33:40":3,"s:33:46:33:72":14,"f:37:53:37:54":4,"s:37:60:37:94":15,"f:41:48:41:49":5,"s:41:55:41:87":16,"f:45:39:45:40":6,"s:45:46:45:72":17}}}
,"/Users/saravana/Training2/product-crud-app/src/services/productService.ts": {"path":"/Users/saravana/Training2/product-crud-app/src/services/productService.ts","statementMap":{"0":{"start":{"line":3,"column":13},"end":{"line":3,"column":null}},"1":{"start":{"line":6,"column":14},"end":{"line":6,"column":null}},"2":{"start":{"line":7,"column":2},"end":{"line":7,"column":null}},"3":{"start":{"line":7,"column":15},"end":{"line":7,"column":null}},"4":{"start":{"line":8,"column":2},"end":{"line":8,"column":null}},"5":{"start":{"line":12,"column":14},"end":{"line":12,"column":null}},"6":{"start":{"line":13,"column":2},"end":{"line":13,"column":null}},"7":{"start":{"line":13,"column":15},"end":{"line":13,"column":null}},"8":{"start":{"line":14,"column":2},"end":{"line":14,"column":null}},"9":{"start":{"line":18,"column":14},"end":{"line":22,"column":null}},"10":{"start":{"line":23,"column":2},"end":{"line":23,"column":null}},"11":{"start":{"line":23,"column":15},"end":{"line":23,"column":null}},"12":{"start":{"line":24,"column":2},"end":{"line":24,"column":null}},"13":{"start":{"line":28,"column":14},"end":{"line":32,"column":null}},"14":{"start":{"line":33,"column":2},"end":{"line":33,"column":null}},"15":{"start":{"line":33,"column":15},"end":{"line":33,"column":null}},"16":{"start":{"line":34,"column":2},"end":{"line":34,"column":null}},"17":{"start":{"line":38,"column":14},"end":{"line":40,"column":null}},"18":{"start":{"line":41,"column":2},"end":{"line":41,"column":null}},"19":{"start":{"line":41,"column":15},"end":{"line":41,"column":null}},"20":{"start":{"line":42,"column":2},"end":{"line":42,"column":null}}},"fnMap":{"0":{"name":"fetchAllProducts","decl":{"start":{"line":5,"column":22},"end":{"line":5,"column":61}},"loc":{"start":{"line":5,"column":61},"end":{"line":9,"column":null}},"line":5},"1":{"name":"getProduct","decl":{"start":{"line":11,"column":22},"end":{"line":11,"column":33}},"loc":{"start":{"line":11,"column":63},"end":{"line":15,"column":null}},"line":11},"2":{"name":"createProduct","decl":{"start":{"line":17,"column":22},"end":{"line":17,"column":36}},"loc":{"start":{"line":17,"column":69},"end":{"line":25,"column":null}},"line":17},"3":{"name":"updateProduct","decl":{"start":{"line":27,"column":22},"end":{"line":27,"column":36}},"loc":{"start":{"line":27,"column":90},"end":{"line":35,"column":null}},"line":27},"4":{"name":"deleteProduct","decl":{"start":{"line":37,"column":22},"end":{"line":37,"column":36}},"loc":{"start":{"line":37,"column":63},"end":{"line":43,"column":null}},"line":37}},"branchMap":{"0":{"loc":{"start":{"line":7,"column":2},"end":{"line":7,"column":null}},"type":"if","locations":[{"start":{"line":7,"column":2},"end":{"line":7,"column":null}},{"start":{},"end":{}}],"line":7},"1":{"loc":{"start":{"line":13,"column":2},"end":{"line":13,"column":null}},"type":"if","locations":[{"start":{"line":13,"column":2},"end":{"line":13,"column":null}},{"start":{},"end":{}}],"line":13},"2":{"loc":{"start":{"line":23,"column":2},"end":{"line":23,"column":null}},"type":"if","locations":[{"start":{"line":23,"column":2},"end":{"line":23,"column":null}},{"start":{},"end":{}}],"line":23},"3":{"loc":{"start":{"line":33,"column":2},"end":{"line":33,"column":null}},"type":"if","locations":[{"start":{"line":33,"column":2},"end":{"line":33,"column":null}},{"start":{},"end":{}}],"line":33},"4":{"loc":{"start":{"line":41,"column":2},"end":{"line":41,"column":null}},"type":"if","locations":[{"start":{"line":41,"column":2},"end":{"line":41,"column":null}},{"start":{},"end":{}}],"line":41}},"s":{"0":1,"1":2,"2":2,"3":1,"4":1,"5":1,"6":1,"7":0,"8":1,"9":1,"10":1,"11":0,"12":1,"13":1,"14":1,"15":0,"16":1,"17":1,"18":1,"19":0,"20":1},"f":{"0":2,"1":1,"2":1,"3":1,"4":1},"b":{"0":[1,1],"1":[0,1],"2":[0,1],"3":[0,1],"4":[0,1]},"meta":{"lastBranch":5,"lastFunction":5,"lastStatement":21,"seen":{"s:3:13:3:Infinity":0,"f:5:22:5:61":0,"s:6:14:6:Infinity":1,"b:7:2:7:Infinity:undefined:undefined:undefined:undefined":0,"s:7:2:7:Infinity":2,"s:7:15:7:Infinity":3,"s:8:2:8:Infinity":4,"f:11:22:11:33":1,"s:12:14:12:Infinity":5,"b:13:2:13:Infinity:undefined:undefined:undefined:undefined":1,"s:13:2:13:Infinity":6,"s:13:15:13:Infinity":7,"s:14:2:14:Infinity":8,"f:17:22:17:36":2,"s:18:14:22:Infinity":9,"b:23:2:23:Infinity:undefined:undefined:undefined:undefined":2,"s:23:2:23:Infinity":10,"s:23:15:23:Infinity":11,"s:24:2:24:Infinity":12,"f:27:22:27:36":3,"s:28:14:32:Infinity":13,"b:33:2:33:Infinity:undefined:undefined:undefined:undefined":3,"s:33:2:33:Infinity":14,"s:33:15:33:Infinity":15,"s:34:2:34:Infinity":16,"f:37:22:37:36":4,"s:38:14:40:Infinity":17,"b:41:2:41:Infinity:undefined:undefined:undefined:undefined":4,"s:41:2:41:Infinity":18,"s:41:15:41:Infinity":19,"s:42:2:42:Infinity":20}}}
}
