TN:
SF:src\components\Pagination.tsx
FN:8,Pagination
FN:10,(anonymous_1)
FN:13,(anonymous_2)
FN:17,(anonymous_3)
FNF:4
FNH:4
FNDA:6,Pagination
FNDA:29,(anonymous_1)
FNDA:29,(anonymous_2)
FNDA:1,(anonymous_3)
DA:9,6
DA:10,29
DA:11,6
DA:14,29
DA:17,1
LF:5
LH:5
BRDA:16,0,0,6
BRDA:16,0,1,23
BRF:2
BRH:2
end_of_record
TN:
SF:src\components\ProductCard.tsx
FN:9,ProductCard
FN:18,(anonymous_1)
FN:19,(anonymous_2)
FNF:3
FNH:3
FNDA:5,ProductCard
FNDA:1,(anonymous_1)
FNDA:1,(anonymous_2)
DA:10,5
DA:18,1
DA:19,1
LF:3
LH:3
BRF:0
BRH:0
end_of_record
TN:
SF:src\services\productService.ts
FN:5,fetchAllProducts
FN:11,getProduct
FN:17,createProduct
FN:27,updateProduct
FN:37,deleteProduct
FNF:5
FNH:5
FNDA:2,fetchAllProducts
FNDA:2,getProduct
FNDA:2,createProduct
FNDA:2,updateProduct
FNDA:2,deleteProduct
DA:3,1
DA:6,2
DA:7,2
DA:8,1
DA:12,2
DA:13,2
DA:14,1
DA:18,2
DA:23,2
DA:24,1
DA:28,2
DA:33,2
DA:34,1
DA:38,2
DA:41,2
DA:42,1
LF:16
LH:16
BRDA:7,0,0,1
BRDA:7,0,1,1
BRDA:13,1,0,1
BRDA:13,1,1,1
BRDA:23,2,0,1
BRDA:23,2,1,1
BRDA:33,3,0,1
BRDA:33,3,1,1
BRDA:41,4,0,1
BRDA:41,4,1,1
BRF:10
BRH:10
end_of_record
